{"C:\\Users\\reddysan\\Downloads\\original\\Bootstrap\\findpkg\\src\\entity\\coupon.ts": {"path":"C:\\Users\\reddysan\\Downloads\\original\\Bootstrap\\findpkg\\src\\entity\\coupon.ts","statementMap":{"0":{"start":{"line":1,"column":0},"end":{"line":1,"column":null}},"1":{"start":{"line":11,"column":2},"end":{"line":11,"column":15}},"2":{"start":{"line":14,"column":4},"end":{"line":14,"column":null}},"3":{"start":{"line":17,"column":4},"end":{"line":17,"column":null}},"4":{"start":{"line":20,"column":4},"end":{"line":20,"column":null}},"5":{"start":{"line":23,"column":4},"end":{"line":23,"column":null}},"6":{"start":{"line":26,"column":4},"end":{"line":26,"column":null}},"7":{"start":{"line":29,"column":4},"end":{"line":29,"column":null}},"8":{"start":{"line":11,"column":15},"end":{"line":30,"column":null}},"9":{"start":{"line":30,"column":2},"end":{"line":30,"column":null}},"10":{"start":{"line":11,"column":15},"end":{"line":11,"column":21}}},"fnMap":{"0":{"name":"(anonymous_2)","decl":{"start":{"line":11,"column":2},"end":{"line":11,"column":15}},"loc":{"start":{"line":11,"column":2},"end":{"line":11,"column":15}}}},"branchMap":{},"s":{"0":1,"1":1,"2":1,"3":1,"4":1,"5":1,"6":1,"7":1,"8":1,"9":1,"10":1},"f":{"0":4},"b":{}}
,"C:\\Users\\reddysan\\Downloads\\original\\Bootstrap\\findpkg\\src\\service\\caller.ts": {"path":"C:\\Users\\reddysan\\Downloads\\original\\Bootstrap\\findpkg\\src\\service\\caller.ts","statementMap":{"0":{"start":{"line":1,"column":0},"end":{"line":1,"column":25}},"1":{"start":{"line":3,"column":0},"end":{"line":3,"column":64}},"2":{"start":{"line":4,"column":0},"end":{"line":4,"column":29}},"3":{"start":{"line":6,"column":0},"end":{"line":9,"column":5}},"4":{"start":{"line":7,"column":4},"end":{"line":7,"column":44}},"5":{"start":{"line":8,"column":5},"end":{"line":8,"column":16}},"6":{"start":{"line":12,"column":0},"end":{"line":20,"column":4}},"7":{"start":{"line":13,"column":11},"end":{"line":13,"column":null}},"8":{"start":{"line":15,"column":6},"end":{"line":17,"column":null}},"9":{"start":{"line":16,"column":8},"end":{"line":16,"column":55}},"10":{"start":{"line":18,"column":6},"end":{"line":18,"column":16}},"11":{"start":{"line":25,"column":21},"end":{"line":33,"column":null}},"12":{"start":{"line":25,"column":14},"end":{"line":33,"column":null}},"13":{"start":{"line":34,"column":8},"end":{"line":34,"column":31}},"14":{"start":{"line":35,"column":8},"end":{"line":35,"column":null}},"15":{"start":{"line":38,"column":8},"end":{"line":38,"column":27}},"16":{"start":{"line":39,"column":8},"end":{"line":39,"column":null}},"17":{"start":{"line":23,"column":0},"end":{"line":23,"column":22}}},"fnMap":{"0":{"name":"(anonymous_14)","decl":{"start":{"line":6,"column":31},"end":{"line":6,"column":34}},"loc":{"start":{"line":6,"column":34},"end":{"line":9,"column":3}}},"1":{"name":"(anonymous_15)","decl":{"start":{"line":13,"column":4},"end":{"line":13,"column":7}},"loc":{"start":{"line":13,"column":7},"end":{"line":13,"column":14}}},"2":{"name":"(anonymous_16)","decl":{"start":{"line":14,"column":4},"end":{"line":14,"column":7}},"loc":{"start":{"line":14,"column":7},"end":{"line":19,"column":5}}},"3":{"name":"sendget","decl":{"start":{"line":23,"column":22},"end":{"line":23,"column":29}},"loc":{"start":{"line":23,"column":29},"end":{"line":41,"column":2}}}},"branchMap":{"0":{"loc":{"start":{"line":15,"column":6},"end":{"line":17,"column":null}},"type":"if","locations":[{"start":{"line":15,"column":6},"end":{"line":17,"column":null}},{"start":{"line":15,"column":6},"end":{"line":17,"column":null}}]}},"s":{"0":1,"1":1,"2":1,"3":1,"4":1,"5":1,"6":1,"7":0,"8":1,"9":0,"10":0,"11":1,"12":1,"13":0,"14":0,"15":1,"16":1,"17":1},"f":{"0":1,"1":0,"2":1,"3":1},"b":{"0":[0,0]}}
,"C:\\Users\\reddysan\\Downloads\\original\\Bootstrap\\findpkg\\src\\service\\validation.ts": {"path":"C:\\Users\\reddysan\\Downloads\\original\\Bootstrap\\findpkg\\src\\service\\validation.ts","statementMap":{"0":{"start":{"line":3,"column":0},"end":{"line":3,"column":40}},"1":{"start":{"line":4,"column":0},"end":{"line":4,"column":32}},"2":{"start":{"line":10,"column":4},"end":{"line":10,"column":null}},"3":{"start":{"line":11,"column":4},"end":{"line":11,"column":null}},"4":{"start":{"line":13,"column":10},"end":{"line":13,"column":33}},"5":{"start":{"line":14,"column":4},"end":{"line":14,"column":null}},"6":{"start":{"line":15,"column":4},"end":{"line":15,"column":null}},"7":{"start":{"line":16,"column":4},"end":{"line":16,"column":null}},"8":{"start":{"line":17,"column":4},"end":{"line":17,"column":null}},"9":{"start":{"line":18,"column":4},"end":{"line":18,"column":37}},"10":{"start":{"line":20,"column":4},"end":{"line":20,"column":null}},"11":{"start":{"line":9,"column":0},"end":{"line":9,"column":22}},"12":{"start":{"line":25,"column":4},"end":{"line":25,"column":null}},"13":{"start":{"line":26,"column":4},"end":{"line":26,"column":null}},"14":{"start":{"line":27,"column":4},"end":{"line":27,"column":null}},"15":{"start":{"line":24,"column":0},"end":{"line":24,"column":22}},"16":{"start":{"line":32,"column":22},"end":{"line":32,"column":null}},"17":{"start":{"line":32,"column":9},"end":{"line":32,"column":null}},"18":{"start":{"line":33,"column":5},"end":{"line":33,"column":null}},"19":{"start":{"line":31,"column":0},"end":{"line":31,"column":22}}},"fnMap":{"0":{"name":"validput","decl":{"start":{"line":9,"column":22},"end":{"line":9,"column":30}},"loc":{"start":{"line":9,"column":68},"end":{"line":22,"column":null}}},"1":{"name":"validget","decl":{"start":{"line":24,"column":22},"end":{"line":24,"column":30}},"loc":{"start":{"line":24,"column":68},"end":{"line":29,"column":null}}},"2":{"name":"vlaidtest","decl":{"start":{"line":31,"column":22},"end":{"line":31,"column":31}},"loc":{"start":{"line":31,"column":50},"end":{"line":35,"column":null}}}},"branchMap":{"0":{"loc":{"start":{"line":32,"column":22},"end":{"line":32,"column":null}},"type":"switch","locations":[{"start":{"line":32,"column":22},"end":{"line":32,"column":null}}]}},"s":{"0":1,"1":1,"2":3,"3":3,"4":3,"5":3,"6":3,"7":3,"8":3,"9":6,"10":3,"11":1,"12":0,"13":0,"14":0,"15":1,"16":1,"17":1,"18":1,"19":1},"f":{"0":3,"1":0,"2":1},"b":{"0":[1]}}
}
