TN:
SF:src\entity\coupon.ts
FN:11,(anonymous_2)
FNF:1
FNH:1
FNDA:4,(anonymous_2)
DA:1,1
DA:11,1
DA:14,1
DA:17,1
DA:20,1
DA:23,1
DA:26,1
DA:29,1
DA:30,1
LF:9
LH:9
BRF:0
BRH:0
end_of_record
TN:
SF:src\service\caller.ts
FN:6,(anonymous_14)
FN:13,(anonymous_15)
FN:14,(anonymous_16)
FN:23,sendget
FNF:4
FNH:3
FNDA:1,(anonymous_14)
FNDA:0,(anonymous_15)
FNDA:1,(anonymous_16)
FNDA:1,sendget
DA:1,1
DA:3,1
DA:4,1
DA:6,1
DA:7,1
DA:8,1
DA:12,1
DA:13,0
DA:15,1
DA:16,0
DA:18,0
DA:23,1
DA:25,1
DA:34,0
DA:35,0
DA:38,1
DA:39,1
LF:17
LH:12
BRDA:15,0,0,0
BRDA:15,0,1,0
BRF:2
BRH:0
end_of_record
TN:
SF:src\service\validation.ts
FN:9,validput
FN:24,validget
FN:31,vlaidtest
FNF:3
FNH:2
FNDA:3,validput
FNDA:0,validget
FNDA:1,vlaidtest
DA:3,1
DA:4,1
DA:9,1
DA:10,3
DA:11,3
DA:13,3
DA:14,3
DA:15,3
DA:16,3
DA:17,3
DA:18,6
DA:20,3
DA:24,1
DA:25,0
DA:26,0
DA:27,0
DA:31,1
DA:32,1
DA:33,1
LF:19
LH:16
BRDA:32,0,0,1
BRF:1
BRH:1
end_of_record
